C:\USERS\AAKASH\.GIT\CSCI406\MAZE\MAZE\MAZE\DEBUG\MAIN.OBJ
C:\USERS\AAKASH\.GIT\CSCI406\MAZE\MAZE\MAZE\DEBUG\VC110.PDB
C:\USERS\AAKASH\.GIT\CSCI406\MAZE\MAZE\DEBUG\MAZE.ILK
C:\USERS\AAKASH\.GIT\CSCI406\MAZE\MAZE\DEBUG\MAZE.EXE
C:\USERS\AAKASH\.GIT\CSCI406\MAZE\MAZE\DEBUG\MAZE.PDB
C:\Users\Aakash\.git\csci406\Maze\Maze\Maze\Debug\main.obj
C:\Users\Aakash\.git\csci406\Maze\Maze\Maze\Debug\cl.command.1.tlog
C:\Users\Aakash\.git\csci406\Maze\Maze\Maze\Debug\CL.read.1.tlog
C:\Users\Aakash\.git\csci406\Maze\Maze\Maze\Debug\CL.write.1.tlog
C:\Users\Aakash\.git\csci406\Maze\Maze\Maze\Debug\link-cvtres.read.1.tlog
C:\Users\Aakash\.git\csci406\Maze\Maze\Maze\Debug\link-cvtres.write.1.tlog
C:\Users\Aakash\.git\csci406\Maze\Maze\Maze\Debug\link-rc.read.1.tlog
C:\Users\Aakash\.git\csci406\Maze\Maze\Maze\Debug\link-rc.write.1.tlog
C:\Users\Aakash\.git\csci406\Maze\Maze\Maze\Debug\link.2140-cvtres.read.1.tlog
C:\Users\Aakash\.git\csci406\Maze\Maze\Maze\Debug\link.2140-cvtres.write.1.tlog
C:\Users\Aakash\.git\csci406\Maze\Maze\Maze\Debug\link.2140-rc.read.1.tlog
C:\Users\Aakash\.git\csci406\Maze\Maze\Maze\Debug\link.2140-rc.write.1.tlog
C:\Users\Aakash\.git\csci406\Maze\Maze\Maze\Debug\link.2140.read.1.tlog
C:\Users\Aakash\.git\csci406\Maze\Maze\Maze\Debug\link.2140.write.1.tlog
C:\Users\Aakash\.git\csci406\Maze\Maze\Maze\Debug\link.2508-cvtres.read.1.tlog
C:\Users\Aakash\.git\csci406\Maze\Maze\Maze\Debug\link.2508-cvtres.write.1.tlog
C:\Users\Aakash\.git\csci406\Maze\Maze\Maze\Debug\link.2508-rc.read.1.tlog
C:\Users\Aakash\.git\csci406\Maze\Maze\Maze\Debug\link.2508-rc.write.1.tlog
C:\Users\Aakash\.git\csci406\Maze\Maze\Maze\Debug\link.2508.read.1.tlog
C:\Users\Aakash\.git\csci406\Maze\Maze\Maze\Debug\link.2508.write.1.tlog
C:\Users\Aakash\.git\csci406\Maze\Maze\Maze\Debug\link.3116-cvtres.read.1.tlog
C:\Users\Aakash\.git\csci406\Maze\Maze\Maze\Debug\link.3116-cvtres.write.1.tlog
C:\Users\Aakash\.git\csci406\Maze\Maze\Maze\Debug\link.3116-rc.read.1.tlog
C:\Users\Aakash\.git\csci406\Maze\Maze\Maze\Debug\link.3116-rc.write.1.tlog
C:\Users\Aakash\.git\csci406\Maze\Maze\Maze\Debug\link.3116.read.1.tlog
C:\Users\Aakash\.git\csci406\Maze\Maze\Maze\Debug\link.3116.write.1.tlog
C:\Users\Aakash\.git\csci406\Maze\Maze\Maze\Debug\link.3940-cvtres.read.1.tlog
C:\Users\Aakash\.git\csci406\Maze\Maze\Maze\Debug\link.3940-cvtres.write.1.tlog
C:\Users\Aakash\.git\csci406\Maze\Maze\Maze\Debug\link.3940-rc.read.1.tlog
C:\Users\Aakash\.git\csci406\Maze\Maze\Maze\Debug\link.3940-rc.write.1.tlog
C:\Users\Aakash\.git\csci406\Maze\Maze\Maze\Debug\link.3940.read.1.tlog
C:\Users\Aakash\.git\csci406\Maze\Maze\Maze\Debug\link.3940.write.1.tlog
C:\Users\Aakash\.git\csci406\Maze\Maze\Maze\Debug\link.4616-cvtres.read.1.tlog
C:\Users\Aakash\.git\csci406\Maze\Maze\Maze\Debug\link.4616-cvtres.write.1.tlog
C:\Users\Aakash\.git\csci406\Maze\Maze\Maze\Debug\link.4616-rc.read.1.tlog
C:\Users\Aakash\.git\csci406\Maze\Maze\Maze\Debug\link.4616-rc.write.1.tlog
C:\Users\Aakash\.git\csci406\Maze\Maze\Maze\Debug\link.4616.read.1.tlog
C:\Users\Aakash\.git\csci406\Maze\Maze\Maze\Debug\link.4616.write.1.tlog
C:\Users\Aakash\.git\csci406\Maze\Maze\Maze\Debug\link.command.1.tlog
C:\Users\Aakash\.git\csci406\Maze\Maze\Maze\Debug\link.read.1.tlog
C:\Users\Aakash\.git\csci406\Maze\Maze\Maze\Debug\link.write.1.tlog
C:\Users\Aakash\.git\csci406\Maze\Maze\Maze\Debug\vc110.idb
C:\Users\Aakash\.git\csci406\Maze\Maze\Maze\Debug\vc110.pdb
C:\Users\Aakash\.git\csci406\Maze\Maze\Debug\Maze.pdb
C:\Users\Aakash\.git\csci406\Maze\Maze\Debug\Maze.exe
C:\Users\Aakash\.git\csci406\Maze\Maze\Debug\Maze.ilk
